Running: C:\Xilinx\14.6\ISE_DS\ISE\bin\nt64\unwrapped\fuse.exe -intstyle ise -incremental -lib unisims_ver -lib unimacro_ver -lib xilinxcorelib_ver -lib secureip -o C:/Users/152/Desktop/test/TwentyFortyEight/board_to_string_test_isim_beh.exe -prj C:/Users/152/Desktop/test/TwentyFortyEight/board_to_string_test_beh.prj work.board_to_string_test work.glbl 
ISim P.68d (signature 0x7708f090)
Number of CPUs detected in this system: 8
Turning on mult-threading, number of parallel sub-compilation jobs: 16 
Determining compilation order of HDL files
Analyzing Verilog file "C:/Users/152/Desktop/test/TwentyFortyEight/board_to_string.v" into library work
Analyzing Verilog file "C:/Users/152/Desktop/test/TwentyFortyEight/board_to_string_test.v" into library work
Analyzing Verilog file "C:/Xilinx/14.6/ISE_DS/ISE//verilog/src/glbl.v" into library work
Starting static elaboration
WARNING:HDLCompiler:329 - "C:/Users/152/Desktop/test/TwentyFortyEight/board_to_string_test.v" Line 42: Target <done> of concurrent assignment or output port connection should be a net type.
Completed static elaboration
Compiling module board_to_string
Compiling module board_to_string_test
Compiling module glbl
Time Resolution for simulation is 1ps.
Waiting for 1 sub-compilation(s) to finish...
Compiled 3 Verilog Units
Built simulation executable C:/Users/152/Desktop/test/TwentyFortyEight/board_to_string_test_isim_beh.exe
Fuse Memory Usage: 29400 KB
Fuse CPU Usage: 514 ms
