Release 14.7 - xst P.20160913 (lin64)
Copyright (c) 1995-2013 Xilinx, Inc.  All rights reserved.
--> 
Parameter TMPDIR set to xst/projnav.tmp


Total REAL time to Xst completion: 0.00 secs
Total CPU time to Xst completion: 0.00 secs
 
--> 
Parameter xsthdpdir set to xst


Total REAL time to Xst completion: 0.00 secs
Total CPU time to Xst completion: 0.00 secs
 
--> 
Reading design: TwentyFortyEight.prj

TABLE OF CONTENTS
  1) Synthesis Options Summary
  2) HDL Parsing
  3) HDL Elaboration
  4) HDL Synthesis
       4.1) HDL Synthesis Report
  5) Advanced HDL Synthesis
       5.1) Advanced HDL Synthesis Report
  6) Low Level Synthesis
  7) Partition Report
  8) Design Summary
       8.1) Primitive and Black Box Usage
       8.2) Device utilization summary
       8.3) Partition Resource Summary
       8.4) Timing Report
            8.4.1) Clock Information
            8.4.2) Asynchronous Control Signals Information
            8.4.3) Timing Summary
            8.4.4) Timing Details
            8.4.5) Cross Clock Domains Report


=========================================================================
*                      Synthesis Options Summary                        *
=========================================================================
---- Source Parameters
Input File Name                    : "TwentyFortyEight.prj"
Ignore Synthesis Constraint File   : NO

---- Target Parameters
Output File Name                   : "TwentyFortyEight"
Output Format                      : NGC
Target Device                      : xc6slx16-3-csg324

---- Source Options
Top Module Name                    : TwentyFortyEight
Automatic FSM Extraction           : YES
FSM Encoding Algorithm             : Auto
Safe Implementation                : No
FSM Style                          : LUT
RAM Extraction                     : Yes
RAM Style                          : Auto
ROM Extraction                     : Yes
Shift Register Extraction          : YES
ROM Style                          : Auto
Resource Sharing                   : YES
Asynchronous To Synchronous        : NO
Shift Register Minimum Size        : 2
Use DSP Block                      : Auto
Automatic Register Balancing       : No

---- Target Options
LUT Combining                      : Auto
Reduce Control Sets                : Auto
Add IO Buffers                     : YES
Global Maximum Fanout              : 100000
Add Generic Clock Buffer(BUFG)     : 16
Register Duplication               : YES
Optimize Instantiated Primitives   : NO
Use Clock Enable                   : Auto
Use Synchronous Set                : Auto
Use Synchronous Reset              : Auto
Pack IO Registers into IOBs        : Auto
Equivalent register Removal        : YES

---- General Options
Optimization Goal                  : Speed
Optimization Effort                : 1
Power Reduction                    : NO
Keep Hierarchy                     : No
Netlist Hierarchy                  : As_Optimized
RTL Output                         : Yes
Global Optimization                : AllClockNets
Read Cores                         : YES
Write Timing Constraints           : NO
Cross Clock Analysis               : NO
Hierarchy Separator                : /
Bus Delimiter                      : <>
Case Specifier                     : Maintain
Slice Utilization Ratio            : 100
BRAM Utilization Ratio             : 100
DSP48 Utilization Ratio            : 100
Auto BRAM Packing                  : NO
Slice Utilization Ratio Delta      : 5

=========================================================================


=========================================================================
*                          HDL Parsing                                  *
=========================================================================
Analyzing Verilog file "/home/ise/xilinx/TwentyFortyEight/uart_fifo.v" into library work
Parsing module <uart_fifo>.
Analyzing Verilog file "/home/ise/xilinx/TwentyFortyEight/uart.v" into library work
Parsing module <uart>.
Analyzing Verilog file "/home/ise/xilinx/TwentyFortyEight/uart_top.v" into library work
Parsing module <uart_top>.
Analyzing Verilog file "/home/ise/xilinx/TwentyFortyEight/board_to_string.v" into library work
Parsing module <board_to_string>.
Analyzing Verilog file "/home/ise/xilinx/TwentyFortyEight/TwentyFortyEight.v" into library work
Parsing module <TwentyFortyEight>.

=========================================================================
*                            HDL Elaboration                            *
=========================================================================

Elaborating module <TwentyFortyEight>.

Elaborating module <board_to_string>.
WARNING:HDLCompiler:413 - "/home/ise/xilinx/TwentyFortyEight/board_to_string.v" Line 61: Result of 7-bit expression is truncated to fit in 6-bit target.
WARNING:HDLCompiler:413 - "/home/ise/xilinx/TwentyFortyEight/board_to_string.v" Line 49: Result of 9-bit expression is truncated to fit in 8-bit target.
WARNING:HDLCompiler:413 - "/home/ise/xilinx/TwentyFortyEight/board_to_string.v" Line 50: Result of 9-bit expression is truncated to fit in 8-bit target.
WARNING:HDLCompiler:413 - "/home/ise/xilinx/TwentyFortyEight/board_to_string.v" Line 51: Result of 9-bit expression is truncated to fit in 8-bit target.
WARNING:HDLCompiler:413 - "/home/ise/xilinx/TwentyFortyEight/board_to_string.v" Line 52: Result of 9-bit expression is truncated to fit in 8-bit target.
WARNING:HDLCompiler:413 - "/home/ise/xilinx/TwentyFortyEight/board_to_string.v" Line 109: Result of 4-bit expression is truncated to fit in 3-bit target.
WARNING:HDLCompiler:413 - "/home/ise/xilinx/TwentyFortyEight/board_to_string.v" Line 113: Result of 4-bit expression is truncated to fit in 3-bit target.
WARNING:HDLCompiler:634 - "/home/ise/xilinx/TwentyFortyEight/board_to_string.v" Line 29: Net <numToChar[8]_0147> does not have a driver.

Elaborating module <uart_top>.
WARNING:HDLCompiler:413 - "/home/ise/xilinx/TwentyFortyEight/uart_top.v" Line 45: Result of 13-bit expression is truncated to fit in 12-bit target.
WARNING:HDLCompiler:413 - "/home/ise/xilinx/TwentyFortyEight/uart_top.v" Line 52: Result of 13-bit expression is truncated to fit in 12-bit target.

Elaborating module <uart_fifo>.
WARNING:HDLCompiler:413 - "/home/ise/xilinx/TwentyFortyEight/uart_fifo.v" Line 55: Result of 11-bit expression is truncated to fit in 10-bit target.
WARNING:HDLCompiler:413 - "/home/ise/xilinx/TwentyFortyEight/uart_fifo.v" Line 61: Result of 32-bit expression is truncated to fit in 10-bit target.

Elaborating module <uart>.
WARNING:HDLCompiler:413 - "/home/ise/xilinx/TwentyFortyEight/uart.v" Line 90: Result of 32-bit expression is truncated to fit in 11-bit target.
WARNING:HDLCompiler:413 - "/home/ise/xilinx/TwentyFortyEight/uart.v" Line 93: Result of 32-bit expression is truncated to fit in 6-bit target.
WARNING:HDLCompiler:413 - "/home/ise/xilinx/TwentyFortyEight/uart.v" Line 95: Result of 32-bit expression is truncated to fit in 11-bit target.
WARNING:HDLCompiler:413 - "/home/ise/xilinx/TwentyFortyEight/uart.v" Line 98: Result of 32-bit expression is truncated to fit in 6-bit target.
WARNING:HDLCompiler:413 - "/home/ise/xilinx/TwentyFortyEight/uart.v" Line 138: Result of 32-bit expression is truncated to fit in 4-bit target.
WARNING:HDLCompiler:413 - "/home/ise/xilinx/TwentyFortyEight/uart.v" Line 139: Result of 32-bit expression is truncated to fit in 3-bit target.
WARNING:HDLCompiler:413 - "/home/ise/xilinx/TwentyFortyEight/uart.v" Line 147: Result of 32-bit expression is truncated to fit in 3-bit target.
WARNING:HDLCompiler:413 - "/home/ise/xilinx/TwentyFortyEight/uart.v" Line 153: Result of 32-bit expression is truncated to fit in 3-bit target.
WARNING:HDLCompiler:413 - "/home/ise/xilinx/TwentyFortyEight/uart.v" Line 192: Result of 32-bit expression is truncated to fit in 4-bit target.
WARNING:HDLCompiler:413 - "/home/ise/xilinx/TwentyFortyEight/uart.v" Line 209: Result of 32-bit expression is truncated to fit in 2-bit target.
WARNING:HDLCompiler:1127 - "/home/ise/xilinx/TwentyFortyEight/TwentyFortyEight.v" Line 66: Assignment to uart_tx_busy ignored, since the identifier is never used
WARNING:HDLCompiler:1127 - "/home/ise/xilinx/TwentyFortyEight/TwentyFortyEight.v" Line 67: Assignment to uart_rx_data ignored, since the identifier is never used
WARNING:HDLCompiler:1127 - "/home/ise/xilinx/TwentyFortyEight/TwentyFortyEight.v" Line 68: Assignment to uart_rx_valid ignored, since the identifier is never used
WARNING:HDLCompiler:634 - "/home/ise/xilinx/TwentyFortyEight/TwentyFortyEight.v" Line 61: Net <board[319]> does not have a driver.
