Command line:
   gameController_isim_beh.exe
     -simmode  gui
     -simrunnum  0
     -socket  44301

Mon Dec  2 00:03:09 2019


 Elaboration Time: 0.02 sec

 Current Memory Usage: 215.523 Meg

 Total Signals          : 16
 Total Nets             : 359
 Total Signal Drivers   : 7
 Total Blocks           : 7
 Total Primitive Blocks : 2
 Total Processes        : 9
 Total Traceable Variables  : 37
 Total Scalar Nets and Variables : 1723
Total Line Count : 69

 Total Simulation Time: 0.03 sec

 Current Memory Usage: 293.122 Meg

Mon Dec  2 00:03:15 2019

